********************************************************************************
DUPLICATOR-LITE PACKAGE-LOG: 2017-01-29 06:15:09
NOTICE: Do NOT post to public sites or forums 
********************************************************************************
VERSION:	1.1.28
WORDPRESS:	4.6.1
PHP INFO:	5.4.45 | SAPI: cgi-fcgi
SERVER:		Apache/2.4.23 
PHP TIME LIMIT: (0) no time limit imposed 
PHP MAX MEMORY: 2048M (64M default) 
MEMORY STACK: 6MB 

********************************************************************************
DATABASE:
********************************************************************************
BUILD MODE:   PHP(query limit - 100)
MYSQLTIMEOUT: 5000
MYSQLDUMP:    Is Supported 
TABLES: total:17 | filtered:0 | create:17 
FILTERED: [] 
SQL CREATED: 20170129_megzencoding_588d8833b25804897170129061411_database.sql 
SQL FILE SIZE: 1.33MB (1394347) 
SQL FILE TIME: 2017-01-29 06:15:09 
SQL RUNTIME: 0.22 sec. 

******************************************************************************** 
ARCHIVE (ZIP): 
******************************************************************************** 
ARCHIVE DIR:  /home/dozydove/public_html 
ARCHIVE FILE: 20170129_megzencoding_588d8833b25804897170129061411_archive.zip 
FILTERS: *OFF* 
DIRS: not set 
EXTS:  not set 
---------------------------------------- 
COMPRESSING 
SIZE:	199.54MB 
STATS:	Dirs 302 | Files 2,857 
SQL ADDED: 20170129_megzencoding_588d8833b25804897170129061411_database.sql 
ZipArchive Object
(
    [status] => 0
    [statusSys] => 0
    [numFiles] => 3159
    [filename] => /home/dozydove/public_html/wp-snapshots/tmp/20170129_megzencoding_588d8833b25804897170129061411_archive.zip
    [comment] => 
)
 
